<?xml version="1.0" encoding="UTF-8"?>
<!-- Generated by org.testng.reporters.JUnitXMLReporter -->
<testsuite ignored="3" hostname="LIN77001089" failures="0" tests="1" name="Default test" time="19.324" errors="0" timestamp="2022-01-30T22:05:02 IST">
  <testcase classname="script" name="testWarning" time="3.239"/>
  <testcase classname="script" name="testTitle" time="0.0">
    <ignored/>
  </testcase> <!-- testTitle -->
  <testcase classname="script" name="testNoWarning" time="0.0">
    <ignored/>
  </testcase> <!-- testNoWarning -->
  <testcase classname="script" name="testnothing" time="0.0">
    <ignored/>
  </testcase> <!-- testnothing -->
</testsuite> <!-- Default test -->
