<?xml version="1.0" encoding="UTF-8"?>
<testng-results ignored="3" total="4" passed="1" failed="0" skipped="0">
  <reporter-output>
  </reporter-output>
  <suite started-at="2022-01-30T22:04:43 IST" name="Default suite" finished-at="2022-01-30T22:05:02 IST" duration-ms="19324">
    <groups>
    </groups>
    <test started-at="2022-01-30T22:04:43 IST" name="Default test" finished-at="2022-01-30T22:05:02 IST" duration-ms="19324">
      <class name="script">
        <test-method is-config="true" signature="setup()[pri:0, instance:script@2805c96b]" started-at="2022-01-30T22:04:43 IST" name="setup" finished-at="2022-01-30T22:04:54 IST" duration-ms="11018" status="PASS">
          <reporter-output>
          </reporter-output>
        </test-method> <!-- setup -->
        <test-method signature="testWarning()[pri:0, instance:script@2805c96b]" started-at="2022-01-30T22:04:54 IST" name="testWarning" finished-at="2022-01-30T22:04:57 IST" duration-ms="3239" status="PASS">
          <reporter-output>
          </reporter-output>
        </test-method> <!-- testWarning -->
        <test-method is-config="true" signature="clearUp()[pri:0, instance:script@2805c96b]" started-at="2022-01-30T22:04:57 IST" name="clearUp" finished-at="2022-01-30T22:05:02 IST" duration-ms="5013" status="PASS">
          <reporter-output>
          </reporter-output>
        </test-method> <!-- clearUp -->
      </class> <!-- script -->
    </test> <!-- Default test -->
  </suite> <!-- Default suite -->
</testng-results>
